<?xml version="1.0" encoding="UTF-8"?>
<testng-results skipped="0" failed="0" ignored="0" total="1" passed="1">
  <reporter-output>
  </reporter-output>
  <suite name="Default suite" duration-ms="1984" started-at="2018-02-08T21:56:12Z" finished-at="2018-02-08T21:56:14Z">
    <groups>
    </groups>
    <test name="Default test" duration-ms="1984" started-at="2018-02-08T21:56:12Z" finished-at="2018-02-08T21:56:14Z">
      <class name="postAuthors">
        <test-method status="PASS" signature="PostTest()[pri:0, instance:postAuthors@490ab905]" name="PostTest" duration-ms="1945" started-at="2018-02-08T15:56:12Z" finished-at="2018-02-08T15:56:14Z">
          <reporter-output>
          </reporter-output>
        </test-method> <!-- PostTest -->
      </class> <!-- postAuthors -->
    </test> <!-- Default test -->
  </suite> <!-- Default suite -->
</testng-results>
